<?xml version="1.0" encoding="UTF-8"?>
<!-- Generated by org.testng.reporters.JUnitReportReporter -->
<testsuite hostname="DESKTOP-3MPB3BA" failures="0" tests="3" name="Projects.GitHubProjects" time="5.549" errors="0" timestamp="2021-07-08T12:42:09 IST" skipped="0">
  <testcase classname="Projects.GitHubProjects" name="addKeys" time="4.470"/>
  <system-out/>
  <testcase classname="Projects.GitHubProjects" name="getKeys" time="0.535"/>
  <system-out/>
  <testcase classname="Projects.GitHubProjects" name="deleteKeys" time="0.544"/>
  <system-out/>
</testsuite> <!-- Projects.GitHubProjects -->
