<?xml version="1.0" encoding="UTF-8"?>
<!-- Generated by org.testng.reporters.JUnitReportReporter -->
<testsuite hostname="DESKTOP-3MPB3BA" failures="0" tests="1" name="activities.TestPetAPI" time="10.779" errors="0" timestamp="2021-07-07T11:01:59 IST" skipped="0">
  <testcase classname="activities.TestPetAPI" name="GetPetDetails" time="10.779"/>
  <system-out/>
</testsuite> <!-- activities.TestPetAPI -->
