<?xml version="1.0" encoding="UTF-8"?>
<!-- Generated by org.testng.reporters.JUnitReportReporter -->
<testsuite hostname="DESKTOP-3MPB3BA" failures="0" tests="3" name="activities.Activity1" time="12.449" errors="0" timestamp="2021-07-06T13:00:14 IST" skipped="0">
  <testcase classname="activities.Activity1" name="addNewPet" time="9.314"/>
  <system-out/>
  <testcase classname="activities.Activity1" name="getPetInfo" time="1.815"/>
  <system-out/>
  <testcase classname="activities.Activity1" name="deletePet" time="1.320"/>
  <system-out/>
</testsuite> <!-- activities.Activity1 -->
