<?xml version="1.0" encoding="UTF-8"?>
<!-- Generated by org.testng.reporters.JUnitReportReporter -->
<testsuite hostname="DESKTOP-3MPB3BA" failures="0" tests="5" name="activities.Activity3" time="11.571" errors="0" timestamp="2021-07-07T12:38:51 IST" skipped="0">
  <testcase classname="activities.Activity3" name="addPets" time="6.181"/>
  <system-out/>
  <testcase classname="activities.Activity3" name="getPets" time="1.471"/>
  <system-out/>
  <testcase classname="activities.Activity3" name="getPets" time="1.366"/>
  <system-out/>
  <testcase classname="activities.Activity3" name="deletePets" time="1.290"/>
  <system-out/>
  <testcase classname="activities.Activity3" name="deletePets" time="1.263"/>
  <system-out/>
</testsuite> <!-- activities.Activity3 -->
