<?xml version="1.0" encoding="UTF-8"?>
<!-- Generated by org.testng.reporters.JUnitReportReporter -->
<testsuite hostname="DESKTOP-3MPB3BA" failures="0" tests="3" name="activities.Activity2" time="10.326" errors="0" timestamp="2021-07-07T12:20:35 IST" skipped="0">
  <testcase classname="activities.Activity2" name="addNewUserFromFile" time="7.277"/>
  <system-out/>
  <testcase classname="activities.Activity2" name="getUserInfo" time="1.721"/>
  <system-out/>
  <testcase classname="activities.Activity2" name="deleteUser" time="1.328"/>
  <system-out/>
</testsuite> <!-- activities.Activity2 -->
